[    0.000000] Initializing cgroup subsys cpuset
[    0.000000] Initializing cgroup subsys cpu
[    0.000000] Initializing cgroup subsys cpuacct
[    0.000000] Linux version 4.4.0-166-generic (buildd@lcy01-amd64-020) (gcc version 5.4.0 20160609 (Ubuntu 5.4.0-6ubuntu1~16.04.10) ) #195-Ubuntu SMP Tue Oct 1 09:35:25 UTC 2019 (Ubuntu 4.4.0-166.195-generic 4.4.194)
[    0.000000] Command line: BOOT_IMAGE=/boot/vmlinuz-4.4.0-166-generic root=LABEL=cloudimg-rootfs ro console=tty1 console=ttyS0
[    0.000000] KERNEL supported cpus:
[    0.000000]   Intel GenuineIntel
[    0.000000]   AMD AuthenticAMD
[    0.000000]   Centaur CentaurHauls
[    0.000000] x86/fpu: xstate_offset[2]:  576, xstate_sizes[2]:  256
[    0.000000] x86/fpu: Supporting XSAVE feature 0x01: 'x87 floating point registers'
[    0.000000] x86/fpu: Supporting XSAVE feature 0x02: 'SSE registers'
[    0.000000] x86/fpu: Supporting XSAVE feature 0x04: 'AVX registers'
[    0.000000] x86/fpu: Enabled xstate features 0x7, context size is 832 bytes, using 'standard' format.
[    0.000000] e820: BIOS-provided physical RAM map:
[    0.000000] BIOS-e820: [mem 0x0000000000000000-0x000000000009fbff] usable
[    0.000000] BIOS-e820: [mem 0x000000000009fc00-0x000000000009ffff] reserved
[    0.000000] BIOS-e820: [mem 0x00000000000f0000-0x00000000000fffff] reserved
[    0.000000] BIOS-e820: [mem 0x0000000000100000-0x000000003ffeffff] usable
[    0.000000] BIOS-e820: [mem 0x000000003fff0000-0x000000003fffffff] ACPI data
[    0.000000] BIOS-e820: [mem 0x00000000fec00000-0x00000000fec00fff] reserved
[    0.000000] BIOS-e820: [mem 0x00000000fee00000-0x00000000fee00fff] reserved
[    0.000000] BIOS-e820: [mem 0x00000000fffc0000-0x00000000ffffffff] reserved
[    0.000000] NX (Execute Disable) protection: active
[    0.000000] SMBIOS 2.5 present.
[    0.000000] Hypervisor detected: KVM
[    0.000000] e820: last_pfn = 0x3fff0 max_arch_pfn = 0x400000000
[    0.000000] MTRR: Disabled
[    0.000000] x86/PAT: MTRRs disabled, skipping PAT initialization too.
[    0.000000] CPU MTRRs all blank - virtualized system.
[    0.000000] x86/PAT: Configuration [0-7]: WB  WT  UC- UC  WB  WT  UC- UC  
[    0.000000] found SMP MP-table at [mem 0x0009fff0-0x0009ffff] mapped at [ffff88000009fff0]
[    0.000000] Scanning 1 areas for low memory corruption
[    0.000000] RAMDISK: [mem 0x362f6000-0x37172fff]
[    0.000000] ACPI: Early table checksum verification disabled
[    0.000000] ACPI: RSDP 0x00000000000E0000 000024 (v02 VBOX  )
[    0.000000] ACPI: XSDT 0x000000003FFF0030 00003C (v01 VBOX   VBOXXSDT 00000001 ASL  00000061)
[    0.000000] ACPI: FACP 0x000000003FFF00F0 0000F4 (v04 VBOX   VBOXFACP 00000001 ASL  00000061)
[    0.000000] ACPI: DSDT 0x000000003FFF0470 0022EA (v02 VBOX   VBOXBIOS 00000002 INTL 20100528)
[    0.000000] ACPI: FACS 0x000000003FFF0200 000040
[    0.000000] ACPI: FACS 0x000000003FFF0200 000040
[    0.000000] ACPI: APIC 0x000000003FFF0240 00005C (v02 VBOX   VBOXAPIC 00000001 ASL  00000061)
[    0.000000] ACPI: SSDT 0x000000003FFF02A0 0001CC (v01 VBOX   VBOXCPUT 00000002 INTL 20100528)
[    0.000000] No NUMA configuration found
[    0.000000] Faking a node at [mem 0x0000000000000000-0x000000003ffeffff]
[    0.000000] NODE_DATA(0) allocated [mem 0x3ffeb000-0x3ffeffff]
[    0.000000] kvm-clock: Using msrs 4b564d01 and 4b564d00
[    0.000000] kvm-clock: cpu 0, msr 0:3ffe3001, primary cpu clock
[    0.000000] kvm-clock: using sched offset of 3217670889 cycles
[    0.000000] clocksource: kvm-clock: mask: 0xffffffffffffffff max_cycles: 0x1cd42e4dffb, max_idle_ns: 881590591483 ns
[    0.000000] Zone ranges:
[    0.000000]   DMA      [mem 0x0000000000001000-0x0000000000ffffff]
[    0.000000]   DMA32    [mem 0x0000000001000000-0x000000003ffeffff]
[    0.000000]   Normal   empty
[    0.000000]   Device   empty
[    0.000000] Movable zone start for each node
[    0.000000] Early memory node ranges
[    0.000000]   node   0: [mem 0x0000000000001000-0x000000000009efff]
[    0.000000]   node   0: [mem 0x0000000000100000-0x000000003ffeffff]
[    0.000000] Initmem setup node 0 [mem 0x0000000000001000-0x000000003ffeffff]
[    0.000000] ACPI: PM-Timer IO Port: 0x4008
[    0.000000] IOAPIC[0]: apic_id 2, version 32, address 0xfec00000, GSI 0-23
[    0.000000] ACPI: INT_SRC_OVR (bus 0 bus_irq 0 global_irq 2 dfl dfl)
[    0.000000] ACPI: INT_SRC_OVR (bus 0 bus_irq 9 global_irq 9 low level)
[    0.000000] Using ACPI (MADT) for SMP configuration information
[    0.000000] smpboot: Allowing 2 CPUs, 0 hotplug CPUs
[    0.000000] PM: Registered nosave memory: [mem 0x00000000-0x00000fff]
[    0.000000] PM: Registered nosave memory: [mem 0x0009f000-0x0009ffff]
[    0.000000] PM: Registered nosave memory: [mem 0x000a0000-0x000effff]
[    0.000000] PM: Registered nosave memory: [mem 0x000f0000-0x000fffff]
[    0.000000] e820: [mem 0x40000000-0xfebfffff] available for PCI devices
[    0.000000] Booting paravirtualized kernel on KVM
[    0.000000] clocksource: refined-jiffies: mask: 0xffffffff max_cycles: 0xffffffff, max_idle_ns: 7645519600211568 ns
[    0.000000] setup_percpu: NR_CPUS:512 nr_cpumask_bits:512 nr_cpu_ids:2 nr_node_ids:1
[    0.000000] PERCPU: Embedded 34 pages/cpu @ffff88003fc00000 s99544 r8192 d31528 u1048576
[    0.000000] Built 1 zonelists in Node order, mobility grouping on.  Total pages: 257912
[    0.000000] Policy zone: DMA32
[    0.000000] Kernel command line: BOOT_IMAGE=/boot/vmlinuz-4.4.0-166-generic root=LABEL=cloudimg-rootfs ro console=tty1 console=ttyS0
[    0.000000] PID hash table entries: 4096 (order: 3, 32768 bytes)
[    0.000000] Memory: 997712K/1048120K available (8623K kernel code, 1336K rwdata, 4036K rodata, 1488K init, 1288K bss, 50408K reserved, 0K cma-reserved)
[    0.000000] SLUB: HWalign=64, Order=0-3, MinObjects=0, CPUs=2, Nodes=1
[    0.000000] Kernel/User page tables isolation: enabled
[    0.000000] Hierarchical RCU implementation.
[    0.000000] 	Build-time adjustment of leaf fanout to 64.
[    0.000000] 	RCU restricting CPUs from NR_CPUS=512 to nr_cpu_ids=2.
[    0.000000] RCU: Adjusting geometry for rcu_fanout_leaf=64, nr_cpu_ids=2
[    0.000000] NR_IRQS:33024 nr_irqs:440 16
[    0.000000] Console: colour VGA+ 80x25
[    0.000000] console [tty1] enabled
[    0.000000] console [ttyS0] enabled
[    0.000000] tsc: Detected 2904.000 MHz processor
[    0.125230] Calibrating delay loop (skipped) preset value.. 5808.00 BogoMIPS (lpj=11616000)
[    0.126666] pid_max: default: 32768 minimum: 301
[    0.127504] ACPI: Core revision 20150930
[    0.128840] ACPI: 2 ACPI AML tables successfully acquired and loaded
[    0.130221] Security Framework initialized
[    0.131209] Yama: becoming mindful.
[    0.132146] AppArmor: AppArmor initialized
[    0.133092] Dentry cache hash table entries: 131072 (order: 8, 1048576 bytes)
[    0.135298] Inode-cache hash table entries: 65536 (order: 7, 524288 bytes)
[    0.136454] Mount-cache hash table entries: 2048 (order: 2, 16384 bytes)
[    0.137693] Mountpoint-cache hash table entries: 2048 (order: 2, 16384 bytes)
[    0.138994] Initializing cgroup subsys io
[    0.139719] Initializing cgroup subsys memory
[    0.140830] Initializing cgroup subsys devices
[    0.141795] Initializing cgroup subsys freezer
[    0.142540] Initializing cgroup subsys net_cls
[    0.143468] Initializing cgroup subsys perf_event
[    0.144350] Initializing cgroup subsys net_prio
[    0.145189] Initializing cgroup subsys hugetlb
[    0.146192] Initializing cgroup subsys pids
[    0.149697] mce: CPU supports 0 MCE banks
[    0.150984] Last level iTLB entries: 4KB 64, 2MB 8, 4MB 8
[    0.152339] Last level dTLB entries: 4KB 64, 2MB 0, 4MB 0, 1GB 4
[    0.153719] Spectre V1 : Mitigation: usercopy/swapgs barriers and __user pointer sanitization
[    0.155304] Spectre V2 : Mitigation: Full generic retpoline
[    0.156268] Spectre V2 : Spectre v2 / SpectreRSB mitigation: Filling RSB on context switch
[    0.157750] Speculative Store Bypass: Vulnerable
[    0.158645] MDS: Vulnerable: Clear CPU buffers attempted, no microcode
[    0.161607] Freeing SMP alternatives memory: 36K
[    0.167008] ftrace: allocating 32296 entries in 127 pages
[    0.220480] smpboot: APIC(0) Converting physical 0 to logical package 0
[    0.222184] smpboot: Max logical packages: 1
[    0.223248] x2apic enabled
[    0.223981] Switched APIC routing to physical x2apic.
[    0.225814] ..TIMER: vector=0x30 apic1=0 pin1=2 apic2=-1 pin2=-1
[    0.335075] smpboot: CPU0: Intel(R) Core(TM) i9-8950HK CPU @ 2.90GHz (family: 0x6, model: 0x9e, stepping: 0xa)
[    0.337533] Performance Events: unsupported p6 CPU model 158 no PMU driver, software events only.
[    0.347804] KVM setup paravirtual spinlock
[    0.349579] x86: Booting SMP configuration:
[    0.350482] .... node  #0, CPUs:      #1
[    0.351526] kvm-clock: cpu 1, msr 0:3ffe3041, secondary cpu clock
[    0.353616] mce: CPU supports 0 MCE banks
[    0.356468] x86: Booted up 1 node, 2 CPUs
[    0.357562] smpboot: Total of 2 processors activated (11616.00 BogoMIPS)
[    0.359397] devtmpfs: initialized
[    0.361287] evm: security.selinux
[    0.362065] evm: security.SMACK64
[    0.362899] evm: security.SMACK64EXEC
[    0.363930] evm: security.SMACK64TRANSMUTE
[    0.365152] evm: security.SMACK64MMAP
[    0.366064] evm: security.ima
[    0.366934] evm: security.capability
[    0.368103] clocksource: jiffies: mask: 0xffffffff max_cycles: 0xffffffff, max_idle_ns: 7645041785100000 ns
[    0.370793] futex hash table entries: 512 (order: 3, 32768 bytes)
[    0.372940] pinctrl core: initialized pinctrl subsystem
[    0.374504] RTC time:  9:44:35, date: 01/28/20
[    0.376086] NET: Registered protocol family 16
[    0.386907] cpuidle: using governor ladder
[    0.399801] cpuidle: using governor menu
[    0.401016] PCCT header not found.
[    0.402013] ACPI: bus type PCI registered
[    0.403026] acpiphp: ACPI Hot Plug PCI Controller Driver version: 0.5
[    0.404643] PCI: Using configuration type 1 for base access
[    0.416452] ACPI: Added _OSI(Module Device)
[    0.417804] ACPI: Added _OSI(Processor Device)
[    0.419215] ACPI: Added _OSI(3.0 _SCP Extensions)
[    0.420693] ACPI: Added _OSI(Processor Aggregator Device)
[    0.422971] ACPI: Executed 1 blocks of module-level executable AML code
[    0.426505] ACPI: Interpreter enabled
[    0.427609] ACPI: (supports S0 S5)
[    0.428478] ACPI: Using IOAPIC for interrupt routing
[    0.429835] PCI: Using host bridge windows from ACPI; if necessary, use "pci=nocrs" and report a bug
[    0.435819] ACPI: PCI Root Bridge [PCI0] (domain 0000 [bus 00-ff])
[    0.437453] acpi PNP0A03:00: _OSC: OS supports [ASPM ClockPM Segments MSI]
[    0.439412] acpi PNP0A03:00: _OSC: not requesting OS control; OS requires [ExtendedConfig ASPM ClockPM MSI]
[    0.441620] acpi PNP0A03:00: fail to add MMCONFIG information, can't access extended PCI configuration space under this bridge.
[    0.444734] PCI host bridge to bus 0000:00
[    0.445779] pci_bus 0000:00: root bus resource [io  0x0000-0x0cf7 window]
[    0.447168] pci_bus 0000:00: root bus resource [io  0x0d00-0xffff window]
[    0.448749] pci_bus 0000:00: root bus resource [mem 0x000a0000-0x000bffff window]
[    0.450484] pci_bus 0000:00: root bus resource [mem 0x40000000-0xfdffffff window]
[    0.452253] pci_bus 0000:00: root bus resource [bus 00-ff]
[    0.455840] pci 0000:00:01.1: legacy IDE quirk: reg 0x10: [io  0x01f0-0x01f7]
[    0.457217] pci 0000:00:01.1: legacy IDE quirk: reg 0x14: [io  0x03f6]
[    0.458347] pci 0000:00:01.1: legacy IDE quirk: reg 0x18: [io  0x0170-0x0177]
[    0.459662] pci 0000:00:01.1: legacy IDE quirk: reg 0x1c: [io  0x0376]
[    0.476901] pci 0000:00:07.0: quirk: [io  0x4000-0x403f] claimed by PIIX4 ACPI
[    0.478228] pci 0000:00:07.0: quirk: [io  0x4100-0x410f] claimed by PIIX4 SMB
[    0.483127] ACPI: PCI Interrupt Link [LNKA] (IRQs 5 9 10 *11)
[    0.484876] ACPI: PCI Interrupt Link [LNKB] (IRQs 5 9 *10 11)
[    0.486374] ACPI: PCI Interrupt Link [LNKC] (IRQs 5 *9 10 11)
[    0.487821] ACPI: PCI Interrupt Link [LNKD] (IRQs 5 9 10 *11)
[    0.489324] ACPI: Enabled 2 GPEs in block 00 to 07
[    0.490517] vgaarb: setting as boot device: PCI:0000:00:02.0
[    0.491541] vgaarb: device added: PCI:0000:00:02.0,decodes=io+mem,owns=io+mem,locks=none
[    0.493122] vgaarb: loaded
[    0.493675] vgaarb: bridge control possible 0000:00:02.0
[    0.494753] SCSI subsystem initialized
[    0.495607] ACPI: bus type USB registered
[    0.496374] usbcore: registered new interface driver usbfs
[    0.497475] usbcore: registered new interface driver hub
[    0.498403] usbcore: registered new device driver usb
[    0.499520] PCI: Using ACPI for IRQ routing
[    0.500549] NetLabel: Initializing
[    0.501231] NetLabel:  domain hash size = 128
[    0.502029] NetLabel:  protocols = UNLABELED CIPSOv4
[    0.504009] NetLabel:  unlabeled traffic allowed by default
[    0.505126] amd_nb: Cannot enumerate AMD northbridges
[    0.506108] clocksource: Switched to clocksource kvm-clock
[    0.512859] AppArmor: AppArmor Filesystem Enabled
[    0.513744] pnp: PnP ACPI init
[    0.515338] pnp: PnP ACPI: found 3 devices
[    0.524427] clocksource: acpi_pm: mask: 0xffffff max_cycles: 0xffffff, max_idle_ns: 2085701024 ns
[    0.525966] NET: Registered protocol family 2
[    0.526952] TCP established hash table entries: 8192 (order: 4, 65536 bytes)
[    0.528137] TCP bind hash table entries: 8192 (order: 5, 131072 bytes)
[    0.529325] TCP: Hash tables configured (established 8192 bind 8192)
[    0.530429] UDP hash table entries: 512 (order: 2, 16384 bytes)
[    0.531437] UDP-Lite hash table entries: 512 (order: 2, 16384 bytes)
[    0.532512] NET: Registered protocol family 1
[    0.533338] pci 0000:00:00.0: Limiting direct PCI/PCI transfers
[    0.534365] pci 0000:00:01.0: Activating ISA DMA hang workarounds
[    0.535498] Unpacking initramfs...
[    0.695324] Freeing initrd memory: 14836K
[    0.696153] clocksource: tsc: mask: 0xffffffffffffffff max_cycles: 0x29dc05e54fc, max_idle_ns: 440795291716 ns
[    0.698095] platform rtc_cmos: registered platform RTC device (no PNP device found)
[    0.699511] Scanning for low memory corruption every 60 seconds
[    0.700918] audit: initializing netlink subsys (disabled)
[    0.701835] audit: type=2000 audit(1580204680.910:1): initialized
[    0.703077] Initialise system trusted keyring
[    0.704033] HugeTLB registered 2 MB page size, pre-allocated 0 pages
[    0.705887] zbud: loaded
[    0.706978] VFS: Disk quotas dquot_6.6.0
[    0.707783] VFS: Dquot-cache hash table entries: 512 (order 0, 4096 bytes)
[    0.709649] squashfs: version 4.0 (2009/01/31) Phillip Lougher
[    0.711081] fuse init (API version 7.23)
[    0.711875] Key type big_key registered
[    0.712635] Allocating IMA MOK and blacklist keyrings.
[    0.714935] Key type asymmetric registered
[    0.715698] Asymmetric key parser 'x509' registered
[    0.716647] Block layer SCSI generic (bsg) driver version 0.4 loaded (major 249)
[    0.718200] io scheduler noop registered
[    0.718997] io scheduler deadline registered (default)
[    0.719976] io scheduler cfq registered
[    0.720825] pci_hotplug: PCI Hot Plug PCI Core version: 0.5
[    0.721902] pciehp: PCI Express Hot Plug Controller Driver version: 0.4
[    0.723355] ACPI: AC Adapter [AC] (on-line)
[    0.724350] input: Power Button as /devices/LNXSYSTM:00/LNXPWRBN:00/input/input0
[    0.726214] ACPI: Power Button [PWRF]
[    0.726986] input: Sleep Button as /devices/LNXSYSTM:00/LNXSLPBN:00/input/input1
[    0.728318] ACPI: Sleep Button [SLPF]
[    0.729181] GHES: HEST is not enabled!
[    0.730644] ACPI: Battery Slot [BAT0] (battery present)
[    0.731742] Serial: 8250/16550 driver, 32 ports, IRQ sharing enabled
[    0.753195] 00:02: ttyS0 at I/O 0x3f8 (irq = 4, base_baud = 115200 is a 16550A
[    0.759057] Linux agpgart interface v0.103
[    0.761203] loop: module loaded
[    0.762313] scsi host0: ata_piix
[    0.763029] scsi host1: ata_piix
[    0.763936] ata1: PATA max UDMA/33 cmd 0x1f0 ctl 0x3f6 bmdma 0xd000 irq 14
[    0.765340] ata2: PATA max UDMA/33 cmd 0x170 ctl 0x376 bmdma 0xd008 irq 15
[    0.766570] libphy: Fixed MDIO Bus: probed
[    0.767614] tun: Universal TUN/TAP device driver, 1.6
[    0.768500] tun: (C) 1999-2004 Max Krasnyansky <maxk@qualcomm.com>
[    0.769606] PPP generic driver version 2.4.2
[    0.770470] ehci_hcd: USB 2.0 'Enhanced' Host Controller (EHCI) Driver
[    0.771611] ehci-pci: EHCI PCI platform driver
[    0.772428] ehci-platform: EHCI generic platform driver
[    0.773367] ohci_hcd: USB 1.1 'Open' Host Controller (OHCI) Driver
[    0.774361] ohci-pci: OHCI PCI platform driver
[    0.775306] ohci-platform: OHCI generic platform driver
[    0.776204] uhci_hcd: USB Universal Host Controller Interface driver
[    0.777287] i8042: PNP: PS/2 Controller [PNP0303:PS2K,PNP0f03:PS2M] at 0x60,0x64 irq 1,12
[    0.779195] serio: i8042 KBD port at 0x60,0x64 irq 1
[    0.780081] serio: i8042 AUX port at 0x60,0x64 irq 12
[    0.781518] mousedev: PS/2 mouse device common for all mice
[    0.783373] rtc_cmos rtc_cmos: rtc core: registered rtc_cmos as rtc0
[    0.784748] rtc_cmos rtc_cmos: alarms up to one day, 114 bytes nvram
[    0.786477] i2c /dev entries driver
[    0.787213] input: AT Translated Set 2 keyboard as /devices/platform/i8042/serio0/input/input2
[    0.788857] device-mapper: uevent: version 1.0.3
[    0.789871] device-mapper: ioctl: 4.34.0-ioctl (2015-10-28) initialised: dm-devel@redhat.com
[    0.791432] ledtrig-cpu: registered to indicate activity on CPUs
[    0.792874] NET: Registered protocol family 10
[    0.793832] NET: Registered protocol family 17
[    0.794695] Key type dns_resolver registered
[    0.795832] registered taskstats version 1
[    0.796601] Loading compiled-in X.509 certificates
[    0.798137] Loaded X.509 cert 'Build time autogenerated kernel key: 75bc1b51278a37d3abb49bab6b1b0161a6cc9ec0'
[    0.799834] zswap: loaded using pool lzo/zbud
[    0.802041] Key type trusted registered
[    0.805393] Key type encrypted registered
[    0.806099] AppArmor: AppArmor sha1 policy hashing enabled
[    0.807239] ima: No TPM chip found, activating TPM-bypass!
[    0.808166] ima: Allocated hash algorithm: sha1
[    0.809401] evm: HMAC attrs: 0x1
[    0.810439]   Magic number: 4:710:728
[    0.811206] rtc_cmos rtc_cmos: setting system clock to 2020-01-28 09:44:36 UTC (1580204676)
[    0.812781] BIOS EDD facility v0.16 2004-Jun-25, 0 devices found
[    0.813776] EDD information not available.
[    0.923830] Freeing unused kernel memory: 1488K
[    0.925239] Write protecting the kernel read-only data: 14336k
[    0.927342] Freeing unused kernel memory: 1604K
[    0.928779] Freeing unused kernel memory: 60K
Loading, please wait...
starting version 229
[    0.943816] random: systemd-udevd: uninitialized urandom read (16 bytes read, 3 bits of entropy available)
[    0.944385] random: udevadm: uninitialized urandom read (16 bytes read, 3 bits of entropy available)
[    0.944404] random: udevadm: uninitialized urandom read (16 bytes read, 3 bits of entropy available)
[    0.951363] random: udevadm: uninitialized urandom read (16 bytes read, 3 bits of entropy available)
[    0.951400] random: udevadm: uninitialized urandom read (16 bytes read, 3 bits of entropy available)
[    0.951515] random: udevadm: uninitialized urandom read (16 bytes read, 3 bits of entropy available)
[    0.951557] random: udevadm: uninitialized urandom read (16 bytes read, 3 bits of entropy available)
[    0.951598] random: udevadm: uninitialized urandom read (16 bytes read, 3 bits of entropy available)
[    0.951639] random: udevadm: uninitialized urandom read (16 bytes read, 3 bits of entropy available)
[    0.951680] random: udevadm: uninitialized urandom read (16 bytes read, 3 bits of entropy available)
[    0.987838] e1000: Intel(R) PRO/1000 Network Driver - version 7.3.21-k8-NAPI
[    0.989324] e1000: Copyright (c) 1999-2006 Intel Corporation.
[    0.992071] Fusion MPT base driver 3.04.20
[    0.992987] Copyright (c) 1999-2008 LSI Corporation
[    0.999122] Fusion MPT SPI Host driver 3.04.20
[    1.011146] AVX2 version of gcm_enc/dec engaged.
[    1.012020] AES CTR mode by8 optimization enabled
[    1.222476] input: ImExPS/2 Generic Explorer Mouse as /devices/platform/i8042/serio1/input/input4
[    1.699922] e1000 0000:00:03.0 eth0: (PCI:33MHz:32-bit) 02:95:cf:22:ea:76
[    1.701563] e1000 0000:00:03.0 eth0: Intel(R) PRO/1000 Network Connection
[    1.704205] mptbase: ioc0: Initiating bringup
[    1.706006] e1000 0000:00:03.0 enp0s3: renamed from eth0
[    2.470303] ioc0: LSI53C1030 A0: Capabilities={Initiator}
[    3.829896] scsi host2: ioc0: LSI53C1030 A0, FwRev=00000000h, Ports=1, MaxQ=256, IRQ=20
[    4.365352] scsi 2:0:0:0: Direct-Access     VBOX     HARDDISK         1.0  PQ: 0 ANSI: 5
[    4.368497] scsi target2:0:0: Beginning Domain Validation
[    4.371915] scsi target2:0:0: Domain Validation skipping write tests
[    4.373440] scsi target2:0:0: Ending Domain Validation
[    4.374857] scsi target2:0:0: asynchronous
[    4.376710] scsi 2:0:1:0: Direct-Access     VBOX     HARDDISK         1.0  PQ: 0 ANSI: 5
[    4.378814] scsi target2:0:1: Beginning Domain Validation
[    4.382201] scsi target2:0:1: Domain Validation skipping write tests
[    4.383889] scsi target2:0:1: Ending Domain Validation
[    4.385354] scsi target2:0:1: asynchronous
[    4.400969] sd 2:0:0:0: Attached scsi generic sg0 type 0
[    4.402268] sd 2:0:0:0: [sda] 20971520 512-byte logical blocks: (10.7 GB/10.0 GiB)
[    4.404384] sd 2:0:1:0: [sdb] 20480 512-byte logical blocks: (10.5 MB/10.0 MiB)
[    4.406068] sd 2:0:1:0: Attached scsi generic sg1 type 0
[    4.407466] sd 2:0:0:0: [sda] Write Protect is off
[    4.408458] sd 2:0:1:0: [sdb] Write Protect is off
[    4.409618] sd 2:0:1:0: [sdb] Incomplete mode parameter data
[    4.410926] sd 2:0:1:0: [sdb] Assuming drive cache: write through
[    4.412179] sd 2:0:0:0: [sda] Incomplete mode parameter data
[    4.413305] sd 2:0:0:0: [sda] Assuming drive cache: write through
[    4.415968]  sda: sda1
[    4.417262] sd 2:0:1:0: [sdb] Attached SCSI disk
[    4.418433] sd 2:0:0:0: [sda] Attached SCSI disk
Begin: Loading essential drivers ... [    5.630811] md: linear personality registered for level -1
[    5.633765] md: multipath personality registered for level -4
[    5.636524] md: raid0 personality registered for level 0
[    5.640129] md: raid1 personality registered for level 1
[    5.710372] raid6: sse2x1   gen() 13783 MB/s
[    5.778194] raid6: sse2x1   xor() 10206 MB/s
[    5.846294] raid6: sse2x2   gen() 15113 MB/s
[    5.914288] raid6: sse2x2   xor() 12962 MB/s
[    5.982347] raid6: sse2x4   gen() 17414 MB/s
[    6.050345] raid6: sse2x4   xor() 14786 MB/s
[    6.118260] raid6: avx2x1   gen() 27524 MB/s
[    6.186349] raid6: avx2x2   gen() 31241 MB/s
[    6.254261] raid6: avx2x4   gen() 36984 MB/s
[    6.255024] raid6: using algorithm avx2x4 gen() 36984 MB/s
[    6.256266] raid6: using avx2x2 recovery algorithm
[    6.258636] xor: automatically using best checksumming function:
[    6.298337]    avx       : 36093.000 MB/sec
[    6.300441] async_tx: api initialized (async)
[    6.307661] md: raid6 personality registered for level 6
[    6.308533] md: raid5 personality registered for level 5
[    6.309507] md: raid4 personality registered for level 4
[    6.314860] md: raid10 personality registered for level 10
done.
Begin: Running /scripts/init-premount ... done.
Begin: Mounting root file system ... Begin: Running /scripts/local-top ... done.
Begin: Running /scripts/local-premount ... [    6.335461] Btrfs loaded
Scanning for Btrfs filesystems
done.
Warning: fsck not present, so skipping root file system
[    6.355283] EXT4-fs (sda1): mounted filesystem with ordered data mode. Opts: (null)
done.
Begin: Running /scripts/local-bottom ... done.
Begin: Running /scripts/init-bottom ... done.
[    6.402922] systemd[1]: systemd 229 running in system mode. (+PAM +AUDIT +SELINUX +IMA +APPARMOR +SMACK +SYSVINIT +UTMP +LIBCRYPTSETUP +GCRYPT +GNUTLS +ACL +XZ -LZ4 +SECCOMP +BLKID +ELFUTILS +KMOD -IDN)
[    6.406007] systemd[1]: Detected virtualization oracle.
[    6.406921] systemd[1]: Detected architecture x86-64.

Welcome to [1mUbuntu 16.04.6 LTS[0m!

[    6.409688] systemd[1]: Set hostname to <ubuntu>.
[    6.411930] systemd[1]: Initializing machine ID from random generator.
[    6.413302] systemd[1]: Installed transient /etc/machine-id file.
[    6.495725] systemd[1]: Listening on LVM2 poll daemon socket.
[[0;32m  OK  [0m] Listening on LVM2 poll daemon socket.
[    6.497775] systemd[1]: Listening on Journal Socket (/dev/log).
[[0;32m  OK  [0m] Listening on Journal Socket (/dev/log).
[    6.499923] systemd[1]: Set up automount Arbitrary Executable File Formats File System Automount Point.
[[0;32m  OK  [0m] Set up automount Arbitrary Executab...ats File System Automount Point.
[    6.502888] systemd[1]: Created slice System Slice.
[[0;32m  OK  [0m] Created slice System Slice.
[    6.504626] systemd[1]: Listening on Journal Socket.
[[0;32m  OK  [0m] Listening on Journal Socket.
[    6.518572] systemd[1]: Mounting Debug File System...
         Mounting Debug File System...
[    6.527449] systemd[1]: Starting Nameserver information manager...
         Starting Nameserver information manager...
[    6.530057] systemd[1]: Listening on udev Control Socket.
[[0;32m  OK  [0m] Listening on udev Control Socket.
[    6.532460] systemd[1]: Listening on /dev/initctl Compatibility Named Pipe.
[[0;32m  OK  [0m] Listening on /dev/initctl Compatibility Named Pipe.
[    6.543234] systemd[1]: Reached target Encrypted Volumes.
[[0;32m  OK  [0m] Reached target Encrypted Volumes.
[    6.562741] systemd[1]: Mounting POSIX Message Queue File System...
         Mounting POSIX Message Queue File System...
[    6.567364] systemd[1]: Mounting Huge Pages File System...
         Mounting Huge Pages File System...
[    6.570317] systemd[1]: Listening on udev Kernel Socket.
[[0;32m  OK  [0m] Listening on udev Kernel Socket.
[    6.579153] systemd[1]: Started Trigger resolvconf update for networkd DNS.
[[0;32m  OK  [0m] Started Trigger resolvconf update for networkd DNS.
[    6.583979] systemd[1]: Starting Set console keymap...
         Starting Set console keymap...
[    6.586739] systemd[1]: Listening on Journal Audit Socket.
[[0;32m  OK  [0m] Listening on Journal Audit Socket.
[    6.589981] systemd[1]: Starting Create list of required static device nodes for the current kernel...
         Starting Create list of required st... nodes for the current kernel...
[    6.597117] systemd[1]: Starting Load Kernel Modules...
         Starting Load Kernel Modules...
[    6.599556] systemd[1]: Created slice system-serial\x2dgetty.slice.
[[0;32m  OK  [0m] Created slice system-serial\x2dgetty.slice.
[    6.602908] systemd[1]: Listening on LVM2 metadata daemon socket.
[[0;32m  OK  [0m] Listening on LVM2 metadata daemon socket.
[    6.606249] systemd[1]: Reached target System Time Synchronized.
[[0;32m  OK  [0m] Reached target System Time Synchronized.
[    6.610914] Loading iSCSI transport class v2.0-870.
[    6.614336] systemd[1]: Started Forward Password Requests to Wall Directory Watch.
[[0;32m  OK  [0m] Started Forward Password Requests to Wall Directory Watch.
[    6.617544] iscsi: registered transport (tcp)
[    6.622565] systemd[1]: Listening on Syslog Socket.
[[0;32m  OK  [0m] Listening on Syslog Socket.
[    6.633446] iscsi: registered transport (iser)
[    6.638862] systemd[1]: Starting Journal Service...
         Starting Journal Service...
[    6.641145] systemd[1]: Reached target Swap.
[[0;32m  OK  [0m] Reached target Swap.
[    6.643881] systemd[1]: Starting Remount Root and Kernel File Systems...
         Starting Remount Root and Kernel File Systems...
[    6.649610] EXT4-fs (sda1): re-mounted. Opts: (null)
[    6.654460] systemd[1]: Reached target User and Group Name Lookups.
[[0;32m  OK  [0m] Reached target User and Group Name Lookups.
[    6.674924] systemd[1]: Starting Uncomplicated firewall...
         Starting Uncomplicated firewall...
[    6.687250] systemd[1]: Listening on Device-mapper event daemon FIFOs.
[[0;32m  OK  [0m] Listening on Device-mapper event daemon FIFOs.
[    6.690996] systemd[1]: Starting Monitoring of LVM2 mirrors, snapshots etc. using dmeventd or progress polling...
         Starting Monitoring of LVM2 mirrors... dmeventd or progress polling...
[    6.695430] systemd[1]: Created slice User and Session Slice.
[[0;32m  OK  [0m] Created slice User and Session Slice.
[    6.697996] systemd[1]: Reached target Slices.
[[0;32m  OK  [0m] Reached target Slices.
[    6.701416] systemd[1]: Mounted POSIX Message Queue File System.
[[0;32m  OK  [0m] Mounted POSIX Message Queue File System.
[    6.711000] systemd[1]: Mounted Huge Pages File System.
[[0;32m  OK  [0m] Mounted Huge Pages File System.
[    6.713503] systemd[1]: Mounted Debug File System.
[[0;32m  OK  [0m] Mounted Debug File System.
[    6.723016] systemd[1]: Started Journal Service.
[[0;32m  OK  [0m] Started Journal Service.
[[0;32m  OK  [0m] Started Set console keymap.
[[0;32m  OK  [0m] Started Create list of required sta...ce nodes for the current kernel.
[[0;32m  OK  [0m] Started Load Kernel Modules.
[[0;32m  OK  [0m] Started Remount Root and Kernel File Systems.
[[0;32m  OK  [0m] Started Uncomplicated firewall.
[[0;32m  OK  [0m] Started Nameserver information manager.
[[0;32m  OK  [0m] Started LVM2 metadata daemon.
         Starting udev Coldplug all Devices...
         Starting Load/Save Random Seed...
         Starting Apply Kernel Variables...
         Mounting FUSE Control File System...
         Starting Create Static Device Nodes in /dev...
         Starting Flush Journal to Persistent Storage...
[[0;32m  OK  [0m] Started Load/Save Random Seed.
[[0;32m  OK  [0m] Started Apply Kernel Variables.
[[0;32m  OK  [0m] Started Create Static Device Nodes in /dev.
[[0;32m  OK  [0m] Mounted FUSE Control File System.
[[0;32m  OK  [0m] Started udev Coldplug all Devices.
[[0;32m  OK  [0m] Started Flush Journal to Persistent Storage.
         Starting udev Kernel Device Manager...
[[0;32m  OK  [0m] Started udev Kernel Device Manager.
[[0;32m  OK  [0m] Started Dispatch Password Requests to Console Directory Watch.
[[0;32m  OK  [0m] Found device /dev/ttyS0.
[[0;32m  OK  [0m] Listening on Load/Save RF Kill Switch Status /dev/rfkill Watch.
[[0;32m  OK  [0m] Started Monitoring of LVM2 mirrors,...ng dmeventd or progress polling.
[[0;32m  OK  [0m] Reached target Local File Systems (Pre).
[[0;32m  OK  [0m] Reached target Local File Systems.
         Starting LSB: AppArmor initialization...
         Starting Initial cloud-init job (pre-networking)...
         Starting Create Volatile Files and Directories...
         Starting Commit a transient machine-id on disk...
         Starting Set console font and keymap...
         Starting Tell Plymouth To Write Out Runtime Data...
[[0;32m  OK  [0m] Started Create Volatile Files and Directories.
         Starting Update UTMP about System Boot/Shutdown...
[[0;32m  OK  [0m] Started Commit a transient machine-id on disk.
[[0;32m  OK  [0m] Started Tell Plymouth To Write Out Runtime Data.
[[0;32m  OK  [0m] Started Update UTMP about System Boot/Shutdown.
[[0;32m  OK  [0m] Started Set console font and keymap.
[[0;32m  OK  [0m] Created slice system-getty.slice.
[    7.719414] cloud-init[605]: Cloud-init v. 19.2-36-g059d049c-0ubuntu2~16.04.1 running 'init-local' at Tue, 28 Jan 2020 09:44:43 +0000. Up 7.48 seconds.
[[0;32m  OK  [0m] Started LSB: AppArmor initialization.
[[0;32m  OK  [0m] Started Initial cloud-init job (pre-networking).
[[0;32m  OK  [0m] Reached target Network (Pre).
         Starting Raise network interfaces...
[[0;32m  OK  [0m] Started Raise network interfaces.
[[0;32m  OK  [0m] Reached target Network.
         Starting Initial cloud-init job (metadata service crawler)...
[    8.321785] cloud-init[947]: Cloud-init v. 19.2-36-g059d049c-0ubuntu2~16.04.1 running 'init' at Tue, 28 Jan 2020 09:44:43 +0000. Up 8.08 seconds.
[    8.329685] cloud-init[947]: ci-info: ++++++++++++++++++++++++++++++++++++++Net device info++++++++++++++++++++++++++++++++++++++
[    8.336376] cloud-init[947]: ci-info: +--------+------+----------------------------+---------------+--------+-------------------+
[    8.344298] cloud-init[947]: ci-info: | Device |  Up  |          Address           |      Mask     | Scope  |     Hw-Address    |
[    8.352417] cloud-init[947]: ci-info: +--------+------+----------------------------+---------------+--------+-------------------+
[[0;32m  OK  [0m] Started Initial cloud-init job (metadata service crawler).
[[0;32m  OK  [0m] Reached target System Initialization.
[[0;32m  OK  [0m] Started Daily apt download activities.
[[0;32m  OK  [0m] Started Daily apt upgrade and clean activities.
[[0;32m  OK  [0m] Started Daily Cleanup of Temporary Directories.
[    8.357432] cloud-init[947]: ci-info: | enp0s3 | True |         10.0.2.15          | 255.255.255.0 | global | 02:95:cf:22:ea:76 |
[    8.374382]          cloud-initStarting Socket activation for snappy daemon.[947]: 
ci-info: | enp0s3 | True | fe80::95:cfff:fe22:ea76/64 |       .       |  link  | 02:95:cf:22:ea:76 |
[    8.376876] [cloud-init[0;32m  OK  [0m[947]: ] ci-info: |   lo   | True |         127.0.0.1          |   255.0.0.0   |  host  |         .         |Started ACPI Events Check.

[    8.378730] [cloud-init[0;32m  OK  [0m[947]: ] ci-info: |   lo   | True |          ::1/128           |       .       |  host  |         .         |Reached target Paths.

[    8.381617] [[0;32m  OK  [0m] Listening on UUID daemon activation socket.
[[0;32m  OK  [0m] Started Message of the Day.
cloud-init[947]:          Starting LXD - unix socket.
[[0;32m  OK  [0m] Reached target Timers.
[[0;32m  OK  [0m] Listening on D-Bus System Message Bus Socket.
[[0;32m  OK  [0m] Listening on ACPID Listen Socket.
[[0;32m  OK  [0m] Reached target Network is Online.
ci-info: +--------+------+----------------------------+---------------+--------+-------------------+
[    8.388578] cloud-init[947]: ci-info: +++++++++++++++++++++++++++Route IPv4 info++++++++++++++++++++++++++++
[    8.390017] cloud-init[947]: ci-info: +-------+-------------+----------+---------------+-----------+-------+
[    8.391308] cloud-init[947]: ci-info: | Route | Destination | Gateway  |    Genmask    | Interface | Flags |
[    8.400377]          cloud-initStarting iSCSI initiator daemon (iscsid)...[947]: 
ci-info: +-------+-------------+----------+---------------+-----------+-------+
[    8.402044] [cloud-init[0;32m  OK  [0m[947]: ] ci-info: |   0   |   0.0.0.0   | 10.0.2.2 |    0.0.0.0    |   enp0s3  |   UG  |Reached target Cloud-config availability.

[    8.402340] cloud-init[947]: ci-info: |   1   |   10.0.2.0  | 0.0.0.0  | 255.255.255.0 |   enp0s3  |   U   |
[    8.416707] [cloud-init[0;32m  OK  [0m[947]: ] ci-info: +-------+-------------+----------+---------------+-----------+-------+Listening on Socket activation for snappy daemon.

[    8.419076] [[0;32m  OK  [0m] Listening on LXD - unix socket.
cloud-init[947]: ci-info: +++++++++++++++++++Route IPv6 info+++++++++++++++++++
[    8.421087] cloud-init[947]: ci-info: +-------+-------------+---------+-----------+-------+
[    8.422407] cloud-init[947]: ci-info: | Route | Destination | Gateway | Interface | Flags |
[    8.424088] cloud-init[947]: ci-info: +-------+-------------+---------+-----------+-------+
[    8.426130] [cloud-init[0;32m  OK  [0m[947]: ] ci-info: |   0   |  fe80::/64  |    ::   |   enp0s3  |   U   |Started iSCSI initiator daemon (iscsid).

[    8.426452] cloud-init[947]: ci-info: |   3   |   ff00::/8  |    ::   |   enp0s3  |   U   |
[    8.436846]          cloud-initStarting Login to default iSCSI targets...[947]: 
ci-info: +-------+-------------+---------+-----------+-------+
[    8.444956] [[0;32m  OK  [0m] Reached target Sockets.
[[0;32m  OK  [0m] Reached target Basic System.
cloud-init[947]: Generating public/private rsa key pair.
[    8.447488]          Starting LXD - container startup/shutdown...
cloud-init[947]: Your identification has been saved in /etc/ssh/ssh_host_rsa_key.
[    8.448979] [[0;32m  OK  [0m] Started ACPI event daemon.
cloud-init[947]: Your public key has been saved in /etc/ssh/ssh_host_rsa_key.pub.
[    8.451669] [[0;32m  OK  [0m] Started D-Bus System Message Bus.
cloud-init[947]: The key fingerprint is:
[    8.453774] cloud-init[947]: SHA256:7tkkVfe/RMp67AcG50CYnYK1fAjE9Bp+oARAfZKrQpE root@ubuntu-xenial
[    8.455948] cloud-init[947]: The key's randomart image is:
[    8.456890] cloud-init[947]: +---[RSA 2048]----+
[    8.468311] [[0;32m  OK  [0m] Started FUSE filesystem for LXC.
cloud-init[[0;32m  OK  [0m] Started Regular background program processing daemon.
         Starting LSB: MD monitoring daemon...
         Starting LSB: Record successful boot for GRUB...
         Starting /etc/rc.local Compatibility...
         Starting Accounts Service...
         Starting Pollinate to seed the pseudo random number generator...
         Starting Virtualbox guest utils...
         Starting System Logging Service...
         Starting Login Service...
[[0;32m  OK  [0m] Started Deferred execution scheduler.
         Starting Snappy daemon...
[[0;32m  OK  [0m] Started /etc/rc.local Compatibility.
[947]: |.o+.. ++o.+ .    |
[    8.507518] cloud-init[947]: | E +.. o++o+     |
[    8.511289] cloud-init[947]: |  . +. o =o.. .  |
[    8.513261] cloud-init[947]: | . .. o + .+ o . |
[    8.514207] cloud-init[947]: |. .  . oS.. =  ..|
[    8.514999] cloud-init[947]: |..     ...  .+o .|
[    8.515821] cloud-init[947]: |.       o . oo...|
[    8.516728] cloud-init[947]: |       . =  .o...|
[    8.519573] cloud-init[947]: |        o ..o... |
[    8.522456] cloud-init[947]: +----[SHA256]-----+
[    8.523526] cloud-init[947]: Generating public/private dsa key pair.
[    8.526645] cloud-init[947]: Your identification has been saved in /etc/ssh/ssh_host_dsa_key.
[[0;32m  OK  [0m] Started Login to default iSCSI targets.
[[0;32m  OK  [0m] Started System Logging Service.
[    8.540221] cloud-init[947]: Your public key has been saved in /etc/ssh/ssh_host_dsa_key.pub.
[    8.565291] [cloud-init[0;32m  OK  [0m[947]: ] The key fingerprint is:Started LSB: MD monitoring daemon.

[    8.565658] cloud-init[947]: SHA256:snx0xZ3JxQnG8M3ruQd/z3OcNp2vmblaRajz+EQOqVc root@ubuntu-xenial
[    8.567127] [[0;32m  OK  [0m] Started LXD - container startup/shutdown.
cloud-init[947]: The key's randomart image is:
[    8.571782] cloud-init[947]: +---[DSA 1024]----+
[    8.580540] [[0;32m  OK  [0m] Started LSB: Record successful boot for GRUB.
cloud-init[947]: |           .oo..o|
[    8.588178] [cloud-init[0;32m  OK  [0m[947]: ] |           .o+o*.|Started Login Service.

[    8.588900] cloud-init[947]: |            o.*o.|
[    8.596966] cloud-init[947]: |           . o ..|
[    8.609790] [cloud-init[0;32m  OK  [0m[947]: ] |      . S . = E..|Started Unattended Upgrades Shutdown.

[    8.610103] cloud-init[947]: |     . + . . Oo..|
[    8.618400]          cloud-initStarting Authenticate and Authorize Users to Run Privileged Tasks...[947]: 
|      o . . o =*+|
[    8.619615] [cloud-init[0;32m  OK  [0m[947]: ] |       .   . + @O|Reached target Remote File Systems (Pre).

[[0;32m  OK  [0m] Reached target Remote File Systems.
[    8.619859] cloud-init[947]: |            ..O+%|
[    8.630733] cloud-init[947]: +----[SHA256]-----+
[    8.631745] cloud-init[947]: Generating public/private ecdsa key pair.
[    8.634602] cloud-init[947]: Your identification has been saved in /etc/ssh/ssh_host_ecdsa_key.
[    8.636507] cloud-init[947]: Your public key has been saved in /etc/ssh/ssh_host_ecdsa_key.pub.
[    8.638202] cloud-init[947]: The key fingerprint is:
[    8.645727] cloud-init[947]: SHA256:zs7TkQfbZmF1elJYGXkIYOafAgc854foSZG4tNEzXbc root@ubuntu-xenial
[    8.647662] cloud-init         Starting LSB: daemon to balance interrupts for SMP systems...
         Starting LSB: Set the CPU Frequency Scaling governor to "ondemand"...
         Starting Permit User Sessions...
         Starting LSB: automatic crash report generation...
[[0;32m  OK  [0m] Started Virtualbox guest utils.
[947]: The key's randomart image is:
[    8.656087] cloud-init[947]: +---[ECDSA 256]---+
[[0;32m  OK  [0m] Started Authenticate and Authorize Users to Run Privileged Tasks.
[[0;32m  OK  [0m] Started Permit User Sessions.
[[0;32m  OK  [0m] Started LSB: daemon to balance interrupts for SMP systems.
[    8.666101] cloud-init[947]: |       +.o+oo..==|
[    8.684173] [cloud-init[0;32m  OK  [0m[947]: ] |      + O=o  .+++|Started Accounts Service.

[    8.684862] cloud-init[947]: |     . +.Oo. .E+.|
[    8.695691] cloud-init[947]: |      o oo+.+.o .|
[    8.699950] [cloud-init[0;32m  OK  [0m[947]: ] |       oS..Bo. o |Started Snappy daemon.

[    8.700789] cloud-init[947]: |       oo +.=    |
[    8.710084] cloud-init[947]: |        o. =     |
[    8.716410] cloud-init[947]: |       o. .      |
[    8.724989] cloud-init[947]: |        o.       |
         Starting Wait until snapd is fully seeded...
[    8.736193] cloud-init[947]: +----[SHA256]-----+
[    8.745470] cloud-init[947]: Generating public/private ed25519 key pair.
[    8.756917]          Starting Terminate Plymouth Boot Screen...
cloud-init[947]: Your identification has been saved in /etc/ssh/ssh_host_ed25519_key.         
Starting Hold until boot process finishes up...
[    8.759085] cloud-init[947]: Your public key has been saved in /etc/ssh/ssh_host_ed25519_key.pub.
[    8.761785] [[0;32m  OK  [0m] Started LSB: automatic crash report generation.
cloud-init[[947]: [0;32m  OK  [0mThe key fingerprint is:] 
Started Hold until boot process finishes up.
[    8.763001] cloud-init[947]: SHA256:HXfdd+mamwndn1vJcO3dTxpLa+a8JSc0msX1DJ6P5gc root@ubuntu-xenial
[    8.764670] cloud-init[947]: The key's randomart image is:
[    8.765656] cloud-init[947]: +--[ED25519 256]--+
[    8.766638] cloud-init[947]: |                 |
[    8.770012] cloud-init[947]: |               .o|
[    8.780751] [[0;32m  OK  [0m] Started LSB: Set the CPU Frequency Scaling governor to "ondemand".
cloud-init[947]: |          . . o.*|
[    8.782491] cloud-init[947]: |         . o +.==|
[    8.782975] cloud-init[947]: |        S .  .Bo+|
[    8.783353] cloud-init[947]: |            .=E=+|
[    8.783994] cloud-init[947]: |           .o+B=X|
[[0;32m  OK  [0m] Started Terminate Plymouth Boot Screen.
[    8.785814] cloud-init[947]: |            .=*@*|
[    8.787608] cloud-init[947]: |             BO=+|
[    8.789529] cloud-init[947]: +----[SHA256]-----+
[[0;32m  OK  [0m] Started Getty on tty1.
         Starting Set console scheme...
[[0;32m  OK  [0m] Started Serial Getty on ttyS0.
[[0;32m  OK  [0m] Reached target Login Prompts.
[[0;32m  OK  [0m] Started Set console scheme.
[[0;32m  OK  [0m] Started Pollinate to seed the pseudo random number generator.
         Starting OpenBSD Secure Shell server...
[[0;32m  OK  [0m] Started OpenBSD Secure Shell server.
[[0;32m  OK  [0m] Started Wait until snapd is fully seeded.
         Starting Apply the settings specified in cloud-config...
[[0;32m  OK  [0m] Reached target Multi-User System.
[[0;32m  OK  [0m] Reached target Graphical Interface.
         Starting Update UTMP about System Runlevel Changes...
[[0;32m  OK  [0m] Started Update UTMP about System Runlevel Changes.
[   10.028700] cloud-init[1304]: Generating locales (this might take a while)...
[   10.570232] cloud-init[1304]:   en_US.UTF-8... done
[   10.580280] cloud-init[1304]: Generation complete.
[   10.785110] cloud-init[1304]: Cloud-init v. 19.2-36-g059d049c-0ubuntu2~16.04.1 running 'modules:config' at Tue, 28 Jan 2020 09:44:45 +0000. Up 9.96 seconds.
[[0;32m  OK  [0m] Started Apply the settings specified in cloud-config.
         Starting Execute cloud user/final scripts...
ci-info: no authorized ssh keys fingerprints found for user ubuntu.
<14>Jan 28 09:44:46 ec2: 
<14>Jan 28 09:44:46 ec2: #############################################################
<14>Jan 28 09:44:46 ec2: -----BEGIN SSH HOST KEY FINGERPRINTS-----
<14>Jan 28 09:44:46 ec2: 1024 SHA256:snx0xZ3JxQnG8M3ruQd/z3OcNp2vmblaRajz+EQOqVc root@ubuntu-xenial (DSA)
<14>Jan 28 09:44:46 ec2: 256 SHA256:zs7TkQfbZmF1elJYGXkIYOafAgc854foSZG4tNEzXbc root@ubuntu-xenial (ECDSA)
<14>Jan 28 09:44:46 ec2: 256 SHA256:HXfdd+mamwndn1vJcO3dTxpLa+a8JSc0msX1DJ6P5gc root@ubuntu-xenial (ED25519)
<14>Jan 28 09:44:46 ec2: 2048 SHA256:7tkkVfe/RMp67AcG50CYnYK1fAjE9Bp+oARAfZKrQpE root@ubuntu-xenial (RSA)
<14>Jan 28 09:44:46 ec2: -----END SSH HOST KEY FINGERPRINTS-----
<14>Jan 28 09:44:46 ec2: #############################################################
-----BEGIN SSH HOST KEY KEYS-----
ecdsa-sha2-nistp256 AAAAE2VjZHNhLXNoYTItbmlzdHAyNTYAAAAIbmlzdHAyNTYAAABBBKxeKo/ZmgrahTy5dilrMSBcEEgRXcRBVV+zXhGKQBSyEErj7Xr3AGqQhJg6oLESQyW2Mdtuz+W34G6U1Lbx4ek= root@ubuntu-xenial
ssh-ed25519 AAAAC3NzaC1lZDI1NTE5AAAAILCvMQRpcJ/CN28eiR1sn3+3BksKagwphRJCEIG7W+1u root@ubuntu-xenial
ssh-rsa AAAAB3NzaC1yc2EAAAADAQABAAABAQDLa6Sqh1T6eUjb+FAFiB8lMXuVmOSth5pC3Wm9Fo7eBL8kkfyTPCYTo/37nmcWDir62cwYaAXCrzRwmd6tUY5mLEkZ0olcycWna5S5wnMSf4mvROq/MYjob5PQe9PpjoE04tQANZW0ozuUVHejTkKQRzlopn6bI5N3WsMIrbLixvIfCg9mjg+UjCDzoeNdZTAx6lS6NqTG8ey7/A65anE82bYXNAD/1pmmGqBqbO+LOQgrrWBFzbXDdqEvwQoD1bdPGYIcpnx69UhjJKVvZvkVj1O+4Wkbru+fdJNqolP94hFZjJH6EFBb17ItRAcR+GKQj9SuTeH2iCaYTJWe2ZXz root@ubuntu-xenial
-----END SSH HOST KEY KEYS-----
[   11.081814] cloud-init[1347]: Cloud-init v. 19.2-36-g059d049c-0ubuntu2~16.04.1 running 'modules:final' at Tue, 28 Jan 2020 09:44:46 +0000. Up 10.98 seconds.
[   11.093612] cloud-init[1347]: ci-info: no authorized ssh keys fingerprints found for user ubuntu.
[   11.095149] cloud-init[1347]: Cloud-init v. 19.2-36-g059d049c-0ubuntu2~16.04.1 finished at Tue, 28 Jan 2020 09:44:46 +0000. Datasource DataSourceNoCloud [seed=/dev/sdb][dsmode=net].  Up 11.07 seconds
[[0;32m  OK  [0m] Started Execute cloud user/final scripts.
[[0;32m  OK  [0m] Reached target Cloud-init target.

Ubuntu 16.04.6 LTS ubuntu-xenial ttyS0

ubuntu-xenial login: 